current directory: /Users/guidoalloatti/projects/dndoc/gems/puma-6.4.3/ext/puma_http11
/Users/guidoalloatti/.rbenv/versions/3.3.0/bin/ruby extconf.rb
checking for BIO_read() in -llibcrypto... no
checking for BIO_read() in -lcrypto... yes
checking for SSL_CTX_new() in -lssl... yes
checking for openssl/bio.h... yes
checking for DTLS_method() in openssl/ssl.h... yes
checking for SSL_CTX_set_session_cache_mode(NULL, 0) in openssl/ssl.h... yes
checking for TLS_server_method() in openssl/ssl.h... yes
checking for SSL_CTX_set_min_proto_version(NULL, 0) in openssl/ssl.h... yes
checking for X509_STORE_up_ref()... yes
checking for SSL_CTX_set_ecdh_auto(NULL, 0) in openssl/ssl.h... yes
checking for SSL_CTX_set_dh_auto(NULL, 0) in openssl/ssl.h... yes
checking for SSL_get1_peer_certificate() in openssl/ssl.h... yes
checking for Random.bytes... yes
creating Makefile

current directory: /Users/guidoalloatti/projects/dndoc/gems/puma-6.4.3/ext/puma_http11
make DESTDIR\= sitearchdir\=./.gem.20241021-95490-u5kyis sitelibdir\=./.gem.20241021-95490-u5kyis clean

current directory: /Users/guidoalloatti/projects/dndoc/gems/puma-6.4.3/ext/puma_http11
make DESTDIR\= sitearchdir\=./.gem.20241021-95490-u5kyis sitelibdir\=./.gem.20241021-95490-u5kyis
compiling http11_parser.c
compiling mini_ssl.c
compiling puma_http11.c
linking shared-object puma/puma_http11.bundle

current directory: /Users/guidoalloatti/projects/dndoc/gems/puma-6.4.3/ext/puma_http11
make DESTDIR\= sitearchdir\=./.gem.20241021-95490-u5kyis sitelibdir\=./.gem.20241021-95490-u5kyis install
/opt/homebrew/bin/ginstall -c -m 0755 puma_http11.bundle ./.gem.20241021-95490-u5kyis/puma

current directory: /Users/guidoalloatti/projects/dndoc/gems/puma-6.4.3/ext/puma_http11
make DESTDIR\= sitearchdir\=./.gem.20241021-95490-u5kyis sitelibdir\=./.gem.20241021-95490-u5kyis clean
