current directory: /Users/guidoalloatti/projects/dndoc/gems/date-3.3.4/ext/date
/Users/guidoalloatti/.rbenv/versions/3.3.0/bin/ruby extconf.rb
checking for rb_category_warn()... yes
checking for timezone in time.h with  -Werror... yes
checking for altzone in time.h with  -Werror... no
creating Makefile

current directory: /Users/guidoalloatti/projects/dndoc/gems/date-3.3.4/ext/date
make DESTDIR\= sitearchdir\=./.gem.20241021-95490-dmz6aw sitelibdir\=./.gem.20241021-95490-dmz6aw clean

current directory: /Users/guidoalloatti/projects/dndoc/gems/date-3.3.4/ext/date
make DESTDIR\= sitearchdir\=./.gem.20241021-95490-dmz6aw sitelibdir\=./.gem.20241021-95490-dmz6aw
compiling date_core.c
compiling date_parse.c
compiling date_strftime.c
compiling date_strptime.c
linking shared-object date_core.bundle

current directory: /Users/guidoalloatti/projects/dndoc/gems/date-3.3.4/ext/date
make DESTDIR\= sitearchdir\=./.gem.20241021-95490-dmz6aw sitelibdir\=./.gem.20241021-95490-dmz6aw install
/opt/homebrew/bin/ginstall -c -m 0755 date_core.bundle ./.gem.20241021-95490-dmz6aw

current directory: /Users/guidoalloatti/projects/dndoc/gems/date-3.3.4/ext/date
make DESTDIR\= sitearchdir\=./.gem.20241021-95490-dmz6aw sitelibdir\=./.gem.20241021-95490-dmz6aw clean
